<?xml version="1.0" encoding="UTF-8"?>
<robot generator="Robot 7.3.2 (Python 3.13.6 on win32)" generated="2025-09-23T17:07:12.474320" rpa="false" schemaversion="5">
<suite id="s1" name="TestAutomation" source="C:\Users\admin\Documents\Codigo_Python\Sesion_1_Python\Training1\TestAutomation.robot">
<test id="s1-t1" name="CP01 - Crear un nuevo post" line="9">
<kw name="Create Dictionary" owner="BuiltIn">
<msg time="2025-09-23T17:07:14.665162" level="INFO">${payload} = {'title': 'Mi primer post', 'body': 'Contenido de prueba', 'userId': '1'}</msg>
<var>${payload}</var>
<arg>title=Mi primer post</arg>
<arg>body=Contenido de prueba</arg>
<arg>userId=1</arg>
<doc>Creates and returns a dictionary based on the given ``items``.</doc>
<status status="PASS" start="2025-09-23T17:07:14.663284" elapsed="0.002031"/>
</kw>
<kw name="POST" owner="RequestsLibrary">
<msg time="2025-09-23T17:07:15.117155" level="INFO">POST Request : url=https://jsonplaceholder.typicode.com/posts 
 path_url=/posts 
 headers={'User-Agent': 'python-requests/2.32.4', 'Accept-Encoding': 'gzip, deflate', 'Accept': '*/*', 'Connection': 'keep-alive', 'Content-Length': '73', 'Content-Type': 'application/json'} 
 body=b'{"title": "Mi primer post", "body": "Contenido de prueba", "userId": "1"}' 
 </msg>
<msg time="2025-09-23T17:07:15.117725" level="INFO">POST Response : url=https://jsonplaceholder.typicode.com/posts 
 status=201, reason=Created 
 headers={'Date': 'Tue, 23 Sep 2025 23:07:14 GMT', 'Content-Type': 'application/json; charset=utf-8', 'Content-Length': '94', 'Connection': 'keep-alive', 'access-control-allow-credentials': 'true', 'access-control-expose-headers': 'Location', 'Cache-Control': 'no-cache', 'etag': 'W/"5e-bP5Pb7muSe9EiaGPCjbjZ7w4Ahk"', 'expires': '-1', 'location': 'https://jsonplaceholder.typicode.com/posts/101', 'nel': '{"report_to":"heroku-nel","response_headers":["Via"],"max_age":3600,"success_fraction":0.01,"failure_fraction":0.1}', 'pragma': 'no-cache', 'report-to': '{"group":"heroku-nel","endpoints":[{"url":"https://nel.heroku.com/reports?s=LUWqoZtMulN5CHn8mKRIWXr1SxbAFXcR4evMcb2VqLY%3D\\u0026sid=e11707d5-02a7-43ef-b45e-2cf4d2036f7d\\u0026ts=1758668834"}],"max_age":3600}', 'reporting-endpoints': 'heroku-nel="https://nel.heroku.com/reports?s=LUWqoZtMulN5CHn8mKRIWXr1SxbAFXcR4evMcb2VqLY%3D&amp;sid=e11707d5-02a7-43ef-b45e-2cf4d2036f7d&amp;ts=1758668834"', 'Server': 'cloudflare', 'vary': 'Origin, X-HTTP-Method-Override, Accept-Encoding', 'via': '2.0 heroku-router', 'x-content-type-options': 'nosniff', 'x-powered-by': 'Express', 'x-ratelimit-limit': '1000', 'x-ratelimit-remaining': '999', 'x-ratelimit-reset': '1758668848', 'cf-cache-status': 'DYNAMIC', 'CF-RAY': '983db27a09c35001-IAD', 'alt-svc': 'h3=":443"; ma=86400'} 
 body={
  "title": "Mi primer post",
  "body": "Contenido de prueba",
  "userId": "1",
  "id": 101
} 
 </msg>
<msg time="2025-09-23T17:07:15.119288" level="INFO">${response} = &lt;Response [201]&gt;</msg>
<var>${response}</var>
<arg>${BASE_URL}/posts</arg>
<arg>json=${payload}</arg>
<arg>expected_status=201</arg>
<doc>Sends a POST request.</doc>
<status status="PASS" start="2025-09-23T17:07:14.666025" elapsed="0.453382"/>
</kw>
<kw name="Dictionary Should Contain Key" owner="Collections">
<arg>${response.json()}</arg>
<arg>id</arg>
<doc>Fails if ``key`` is not found from ``dictionary``.</doc>
<status status="PASS" start="2025-09-23T17:07:15.121907" elapsed="0.002005"/>
</kw>
<kw name="Should Be Equal" owner="BuiltIn">
<arg>${response.json()}[title]</arg>
<arg>Mi primer post</arg>
<doc>Fails if the given objects are unequal.</doc>
<status status="PASS" start="2025-09-23T17:07:15.124552" elapsed="0.001482"/>
</kw>
<kw name="Should Be Equal" owner="BuiltIn">
<arg>${response.json()}[body]</arg>
<arg>Contenido de prueba</arg>
<doc>Fails if the given objects are unequal.</doc>
<status status="PASS" start="2025-09-23T17:07:15.126492" elapsed="0.001594"/>
</kw>
<kw name="Should Be Equal As Integers" owner="BuiltIn">
<arg>${response.json()}[userId]</arg>
<arg>1</arg>
<doc>Fails if objects are unequal after converting them to integers.</doc>
<status status="PASS" start="2025-09-23T17:07:15.129613" elapsed="0.001881"/>
</kw>
<doc>Verifica que un POST a /posts cree un recurso y devuelva 201 con datos correctos.</doc>
<status status="PASS" start="2025-09-23T17:07:14.659270" elapsed="0.472858"/>
</test>
<test id="s1-t2" name="CP02 - Listar usuarios" line="19">
<kw name="GET" owner="RequestsLibrary">
<msg time="2025-09-23T17:07:15.513735" level="INFO">GET Request : url=https://jsonplaceholder.typicode.com/users 
 path_url=/users 
 headers={'User-Agent': 'python-requests/2.32.4', 'Accept-Encoding': 'gzip, deflate', 'Accept': '*/*', 'Connection': 'keep-alive'} 
 body=None 
 </msg>
<msg time="2025-09-23T17:07:15.514092" level="INFO">GET Response : url=https://jsonplaceholder.typicode.com/users 
 status=200, reason=OK 
 headers={'Date': 'Tue, 23 Sep 2025 23:07:15 GMT', 'Content-Type': 'application/json; charset=utf-8', 'Content-Length': '1847', 'Connection': 'keep-alive', 'access-control-allow-credentials': 'true', 'Cache-Control': 'max-age=43200', 'Content-Encoding': 'gzip', 'etag': 'W/"160d-1eMSsxeJRfnVLRBmYJSbCiJZ1qQ"', 'expires': '-1', 'nel': '{"report_to":"heroku-nel","response_headers":["Via"],"max_age":3600,"success_fraction":0.01,"failure_fraction":0.1}', 'pragma': 'no-cache', 'report-to': '{"group":"heroku-nel","endpoints":[{"url":"https://nel.heroku.com/reports?s=TBkkhUjUWk1Y%2FlMiQsYTU83oee3t5Yz9KITbHJ3j8EE%3D\\u0026sid=e11707d5-02a7-43ef-b45e-2cf4d2036f7d\\u0026ts=1758503325"}],"max_age":3600}', 'reporting-endpoints': 'heroku-nel="https://nel.heroku.com/reports?s=TBkkhUjUWk1Y%2FlMiQsYTU83oee3t5Yz9KITbHJ3j8EE%3D&amp;sid=e11707d5-02a7-43ef-b45e-2cf4d2036f7d&amp;ts=1758503325"', 'Server': 'cloudflare', 'vary': 'Origin, Accept-Encoding', 'via': '2.0 heroku-router', 'x-content-type-options': 'nosniff', 'x-powered-by': 'Express', 'x-ratelimit-limit': '1000', 'x-ratelimit-remaining': '999', 'x-ratelimit-reset': '1758503371', 'Age': '21503', 'cf-cache-status': 'HIT', 'CF-RAY': '983db27c8c520bb1-IAD', 'alt-svc': 'h3=":443"; ma=86400'} 
 body=[
  {
    "id": 1,
    "name": "Leanne Graham",
    "username": "Bret",
    "email": "Sincere@april.biz",
    "address": {
      "street": "Kulas Light",
      "suite": "Apt. 556",
      "city": "Gwenborough",
      "zipcode": "92998-3874",
      "geo": {
        "lat": "-37.3159",
        "lng": "81.1496"
      }
    },
    "phone": "1-770-736-8031 x56442",
    "website": "hildegard.org",
    "company": {
      "name": "Romaguera-Crona",
      "catchPhrase": "Multi-layered client-server neural-net",
      "bs": "harness real-time e-markets"
    }
  },
  {
    "id": 2,
    "name": "Ervin Howell",
    "username": "Antonette",
    "email": "Shanna@melissa.tv",
    "address": {
      "street": "Victor Plains",
      "suite": "Suite 879",
      "city": "Wisokyburgh",
      "zipcode": "90566-7771",
      "geo": {
        "lat": "-43.9509",
        "lng": "-34.4618"
      }
    },
    "phone": "010-692-6593 x09125",
    "website": "anastasia.net",
    "company": {
      "name": "Deckow-Crist",
      "catchPhrase": "Proactive didactic contingency",
      "bs": "synergize scalable supply-chains"
    }
  },
  {
    "id": 3,
    "name": "Clementine Bauch",
    "username": "Samantha",
    "email": "Nathan@yesenia.net",
    "address": {
      "street": "Douglas Extension",
      "suite": "Suite 847",
      "city": "McKenziehaven",
      "zipcode": "59590-4157",
      "geo": {
        "lat": "-68.6102",
        "lng": "-47.0653"
      }
    },
    "phone": "1-463-123-4447",
    "website": "ramiro.info",
    "company": {
      "name": "Romaguera-Jacobson",
      "catchPhrase": "Face to face bifurcated interface",
      "bs": "e-enable strategic applications"
    }
  },
  {
    "id": 4,
    "name": "Patricia Lebsack",
    "username": "Karianne",
    "email": "Julianne.OConner@kory.org",
    "address": {
      "street": "Hoeger Mall",
      "suite": "Apt. 692",
      "city": "South Elvis",
      "zipcode": "53919-4257",
      "geo": {
        "lat": "29.4572",
        "lng": "-164.2990"
      }
    },
    "phone": "493-170-9623 x156",
    "website": "kale.biz",
    "company": {
      "name": "Robel-Corkery",
      "catchPhrase": "Multi-tiered zero tolerance productivity",
      "bs": "transition cutting-edge web services"
    }
  },
  {
    "id": 5,
    "name": "Chelsey Dietrich",
    "username": "Kamren",
    "email": "Lucio_Hettinger@annie.ca",
    "address": {
      "street": "Skiles Walks",
      "suite": "Suite 351",
      "city": "Roscoeview",
      "zipcode": "33263",
      "geo": {
        "lat": "-31.8129",
        "lng": "62.5342"
      }
    },
    "phone": "(254)954-1289",
    "website": "demarco.info",
    "company": {
      "name": "Keebler LLC",
      "catchPhrase": "User-centric fault-tolerant solution",
      "bs": "revolutionize end-to-end systems"
    }
  },
  {
    "id": 6,
    "name": "Mrs. Dennis Schulist",
    "username": "Leopoldo_Corkery",
    "email": "Karley_Dach@jasper.info",
    "address": {
      "street": "Norberto Crossing",
      "suite": "Apt. 950",
      "city": "South Christy",
      "zipcode": "23505-1337",
      "geo": {
        "lat": "-71.4197",
        "lng": "71.7478"
      }
    },
    "phone": "1-477-935-8478 x6430",
    "website": "ola.org",
    "company": {
      "name": "Considine-Lockman",
      "catchPhrase": "Synchronised bottom-line interface",
      "bs": "e-enable innovative applications"
    }
  },
  {
    "id": 7,
    "name": "Kurtis Weissnat",
    "username": "Elwyn.Skiles",
    "email": "Telly.Hoeger@billy.biz",
    "address": {
      "street": "Rex Trail",
      "suite": "Suite 280",
      "city": "Howemouth",
      "zipcode": "58804-1099",
      "geo": {
        "lat": "24.8918",
        "lng": "21.8984"
      }
    },
    "phone": "210.067.6132",
    "website": "elvis.io",
    "company": {
      "name": "Johns Group",
      "catchPhrase": "Configurable multimedia task-force",
      "bs": "generate enterprise e-tailers"
    }
  },
  {
    "id": 8,
    "name": "Nicholas Runolfsdottir V",
    "username": "Maxime_Nienow",
    "email": "Sherwood@rosamond.me",
    "address": {
      "street": "Ellsworth Summit",
      "suite": "Suite 729",
      "city": "Aliyaview",
      "zipcode": "45169",
      "geo": {
        "lat": "-14.3990",
        "lng": "-120.7677"
      }
    },
    "phone": "586.493.6943 x140",
    "website": "jacynthe.com",
    "company": {
      "name": "Abernathy Group",
      "catchPhrase": "Implemented secondary concept",
      "bs": "e-enable extensible e-tailers"
    }
  },
  {
    "id": 9,
    "name": "Glenna Reichert",
    "username": "Delphine",
    "email": "Chaim_McDermott@dana.io",
    "address": {
      "street": "Dayna Park",
      "suite": "Suite 449",
      "city": "Bartholomebury",
      "zipcode": "76495-3109",
      "geo": {
        "lat": "24.6463",
        "lng": "-168.8889"
      }
    },
    "phone": "(775)976-6794 x41206",
    "website": "conrad.com",
    "company": {
      "name": "Yost and Sons",
      "catchPhrase": "Switchable contextually-based project",
      "bs": "aggregate real-time technologies"
    }
  },
  {
    "id": 10,
    "name": "Clementina DuBuque",
    "username": "Moriah.Stanton",
    "email": "Rey.Padberg@karina.biz",
    "address": {
      "street": "Kattie Turnpike",
      "suite": "Suite 198",
      "city": "Lebsackbury",
      "zipcode": "31428-2261",
      "geo": {
        "lat": "-38.2386",
        "lng": "57.2232"
      }
    },
    "phone": "024-648-3804",
    "website": "ambrose.net",
    "company": {
      "name": "Hoeger LLC",
      "catchPhrase": "Centralized empowering task-force",
      "bs": "target end-to-end models"
    }
  }
] 
 </msg>
<msg time="2025-09-23T17:07:15.515367" level="INFO">${response} = &lt;Response [200]&gt;</msg>
<var>${response}</var>
<arg>${BASE_URL}/users</arg>
<arg>expected_status=200</arg>
<doc>Sends a GET request.</doc>
<status status="PASS" start="2025-09-23T17:07:15.146917" elapsed="0.368529"/>
</kw>
<kw name="Set Variable" owner="BuiltIn">
<msg time="2025-09-23T17:07:15.517993" level="INFO">${users} = [{'id': 1, 'name': 'Leanne Graham', 'username': 'Bret', 'email': 'Sincere@april.biz', 'address': {'street': 'Kulas Light', 'suite': 'Apt. 556', 'city': 'Gwenborough', 'zipcode': '92998-3874', 'geo': {...</msg>
<var>${users}</var>
<arg>${response.json()}</arg>
<doc>Returns the given values which can then be assigned to a variables.</doc>
<status status="PASS" start="2025-09-23T17:07:15.516007" elapsed="0.002101"/>
</kw>
<kw name="Dictionary Should Contain Key" owner="Collections">
<arg>${users[0]}</arg>
<arg>id</arg>
<doc>Fails if ``key`` is not found from ``dictionary``.</doc>
<status status="PASS" start="2025-09-23T17:07:15.519105" elapsed="0.001924"/>
</kw>
<kw name="Dictionary Should Contain Key" owner="Collections">
<arg>${users[0]}</arg>
<arg>name</arg>
<doc>Fails if ``key`` is not found from ``dictionary``.</doc>
<status status="PASS" start="2025-09-23T17:07:15.521672" elapsed="0.001789"/>
</kw>
<kw name="Dictionary Should Contain Key" owner="Collections">
<arg>${users[0]}</arg>
<arg>username</arg>
<doc>Fails if ``key`` is not found from ``dictionary``.</doc>
<status status="PASS" start="2025-09-23T17:07:15.537964" elapsed="0.001987"/>
</kw>
<kw name="Dictionary Should Contain Key" owner="Collections">
<arg>${users[0]}</arg>
<arg>email</arg>
<doc>Fails if ``key`` is not found from ``dictionary``.</doc>
<status status="PASS" start="2025-09-23T17:07:15.544879" elapsed="0.001653"/>
</kw>
<doc>Verifica que un GET a /users devuelva lista no vacía con campos esperados.</doc>
<status status="PASS" start="2025-09-23T17:07:15.145135" elapsed="0.402154"/>
</test>
<test id="s1-t3" name="CP03 - Listar comentarios de un post" line="29">
<kw name="GET" owner="RequestsLibrary">
<msg time="2025-09-23T17:07:15.866670" level="INFO">GET Request : url=https://jsonplaceholder.typicode.com/comments?postId=1 
 path_url=/comments?postId=1 
 headers={'User-Agent': 'python-requests/2.32.4', 'Accept-Encoding': 'gzip, deflate', 'Accept': '*/*', 'Connection': 'keep-alive'} 
 body=None 
 </msg>
<msg time="2025-09-23T17:07:15.866997" level="INFO">GET Response : url=https://jsonplaceholder.typicode.com/comments?postId=1 
 status=200, reason=OK 
 headers={'Date': 'Tue, 23 Sep 2025 23:07:15 GMT', 'Content-Type': 'application/json; charset=utf-8', 'Content-Length': '657', 'Connection': 'keep-alive', 'access-control-allow-credentials': 'true', 'Cache-Control': 'max-age=43200', 'Content-Encoding': 'gzip', 'etag': 'W/"5e6-4bSPS5tq8F8ZDeFJULWh6upjp7U"', 'expires': '-1', 'nel': '{"report_to":"heroku-nel","response_headers":["Via"],"max_age":3600,"success_fraction":0.01,"failure_fraction":0.1}', 'pragma': 'no-cache', 'report-to': '{"group":"heroku-nel","endpoints":[{"url":"https://nel.heroku.com/reports?s=m5dg1qmK6AAlmSNmtppeApH3HZ7yzErQhVsdOIPXIbk%3D\\u0026sid=e11707d5-02a7-43ef-b45e-2cf4d2036f7d\\u0026ts=1758584604"}],"max_age":3600}', 'reporting-endpoints': 'heroku-nel="https://nel.heroku.com/reports?s=m5dg1qmK6AAlmSNmtppeApH3HZ7yzErQhVsdOIPXIbk%3D&amp;sid=e11707d5-02a7-43ef-b45e-2cf4d2036f7d&amp;ts=1758584604"', 'Server': 'cloudflare', 'vary': 'Origin, Accept-Encoding', 'via': '2.0 heroku-router', 'x-content-type-options': 'nosniff', 'x-powered-by': 'Express', 'x-ratelimit-limit': '1000', 'x-ratelimit-remaining': '999', 'x-ratelimit-reset': '1758584613', 'cf-cache-status': 'REVALIDATED', 'CF-RAY': '983db27e3d8f69d0-DFW', 'alt-svc': 'h3=":443"; ma=86400'} 
 body=[
  {
    "postId": 1,
    "id": 1,
    "name": "id labore ex et quam laborum",
    "email": "Eliseo@gardner.biz",
    "body": "laudantium enim quasi est quidem magnam voluptate ipsam eos\ntempora quo necessitatibus\ndolor quam autem quasi\nreiciendis et nam sapiente accusantium"
  },
  {
    "postId": 1,
    "id": 2,
    "name": "quo vero reiciendis velit similique earum",
    "email": "Jayne_Kuhic@sydney.com",
    "body": "est natus enim nihil est dolore omnis voluptatem numquam\net omnis occaecati quod ullam at\nvoluptatem error expedita pariatur\nnihil sint nostrum voluptatem reiciendis et"
  },
  {
    "postId": 1,
    "id": 3,
    "name": "odio adipisci rerum aut animi",
    "email": "Nikita@garfield.biz",
    "body": "quia molestiae reprehenderit quasi aspernatur\naut expedita occaecati aliquam eveniet laudantium\nomnis quibusdam delectus saepe quia accusamus maiores nam est\ncum et ducimus et vero voluptates excepturi deleniti ratione"
  },
  {
    "postId": 1,
    "id": 4,
    "name": "alias odio sit",
    "email": "Lew@alysha.tv",
    "body": "non et atque\noccaecati deserunt quas accusantium unde odit nobis qui voluptatem\nquia voluptas consequuntur itaque dolor\net qui rerum deleniti ut occaecati"
  },
  {
    "postId": 1,
    "id": 5,
    "name": "vero eaque aliquid doloribus et culpa",
    "email": "Hayden@althea.biz",
    "body": "harum non quasi et ratione\ntempore iure ex voluptates in ratione\nharum architecto fugit inventore cupiditate\nvoluptates magni quo et"
  }
] 
 </msg>
<msg time="2025-09-23T17:07:15.867479" level="INFO">${response} = &lt;Response [200]&gt;</msg>
<var>${response}</var>
<arg>${BASE_URL}/comments</arg>
<arg>params=postId=1</arg>
<arg>expected_status=200</arg>
<doc>Sends a GET request.</doc>
<status status="PASS" start="2025-09-23T17:07:15.551935" elapsed="0.315643"/>
</kw>
<kw name="Set Variable" owner="BuiltIn">
<msg time="2025-09-23T17:07:15.870872" level="INFO">${comments} = [{'postId': 1, 'id': 1, 'name': 'id labore ex et quam laborum', 'email': 'Eliseo@gardner.biz', 'body': 'laudantium enim quasi est quidem magnam voluptate ipsam eos\ntempora quo necessitatibus\ndolor q...</msg>
<var>${comments}</var>
<arg>${response.json()}</arg>
<doc>Returns the given values which can then be assigned to a variables.</doc>
<status status="PASS" start="2025-09-23T17:07:15.869246" elapsed="0.001741"/>
</kw>
<kw name="Dictionary Should Contain Key" owner="Collections">
<arg>${comments[0]}</arg>
<arg>id</arg>
<doc>Fails if ``key`` is not found from ``dictionary``.</doc>
<status status="PASS" start="2025-09-23T17:07:15.871780" elapsed="0.001711"/>
</kw>
<kw name="Dictionary Should Contain Key" owner="Collections">
<arg>${comments[0]}</arg>
<arg>name</arg>
<doc>Fails if ``key`` is not found from ``dictionary``.</doc>
<status status="PASS" start="2025-09-23T17:07:15.874024" elapsed="0.001784"/>
</kw>
<kw name="Dictionary Should Contain Key" owner="Collections">
<arg>${comments[0]}</arg>
<arg>email</arg>
<doc>Fails if ``key`` is not found from ``dictionary``.</doc>
<status status="PASS" start="2025-09-23T17:07:15.876402" elapsed="0.001885"/>
</kw>
<kw name="Dictionary Should Contain Key" owner="Collections">
<arg>${comments[0]}</arg>
<arg>body</arg>
<doc>Fails if ``key`` is not found from ``dictionary``.</doc>
<status status="PASS" start="2025-09-23T17:07:15.879057" elapsed="0.003092"/>
</kw>
<doc>Verifica que un GET a /comments?postId=1 devuelva comentarios con campos esperados.</doc>
<status status="PASS" start="2025-09-23T17:07:15.550335" elapsed="0.343863"/>
</test>
<status status="PASS" start="2025-09-23T17:07:12.483588" elapsed="3.431811"/>
</suite>
<statistics>
<total>
<stat pass="3" fail="0" skip="0">All Tests</stat>
</total>
<tag>
</tag>
<suite>
<stat name="TestAutomation" id="s1" pass="3" fail="0" skip="0">TestAutomation</stat>
</suite>
</statistics>
<errors>
</errors>
</robot>
