<?xml version="1.0" encoding="UTF-8"?>
<robot generator="Robot 7.3.2 (Python 3.13.6 on win32)" generated="2025-09-30T18:23:36.772205" rpa="false" schemaversion="5">
<suite id="s1" name="Tests" source="C:\Users\admin\Documents\QAXpert\APIS\api_testing_robot_qax\tests">
<suite id="s1-s1" name="Test Post Api" source="C:\Users\admin\Documents\QAXpert\APIS\api_testing_robot_qax\tests\test_post_api.robot">
<test id="s1-s1-t1" name="Validar creación exitosa de un nuevo post" line="6">
<kw name="When El usuario crea un nuevo post" owner="doPost">
<kw name="Set Variable" owner="BuiltIn">
<msg time="2025-09-30T18:23:38.678626" level="INFO">${payload_path} = C:\Users\admin\Documents\QAXpert\APIS\api_testing_robot_qax\data\post.json</msg>
<var>${payload_path}</var>
<arg>${DATA_PATH}${/}${payload_filename}</arg>
<doc>Returns the given values which can then be assigned to a variables.</doc>
<status status="PASS" start="2025-09-30T18:23:38.677399" elapsed="0.001378"/>
</kw>
<kw name="Load Json From File" owner="JSONLibrary">
<msg time="2025-09-30T18:23:38.683680" level="INFO">${payload} = {'title': 'QAX: Apis con Robot Framework', 'body': 'Automatizando como un Ninja For Testing', 'userId': 420}</msg>
<var>${payload}</var>
<arg>${payload_path}</arg>
<doc>Load JSON from file.</doc>
<status status="PASS" start="2025-09-30T18:23:38.679227" elapsed="0.004612"/>
</kw>
<kw name="POST" owner="RequestsLibrary">
<msg time="2025-09-30T18:23:40.568072" level="INFO">POST Request : url=https://jsonplaceholder.typicode.com/posts 
 path_url=/posts 
 headers={'User-Agent': 'python-requests/2.32.5', 'Accept-Encoding': 'gzip, deflate', 'Accept': '*/*', 'Connection': 'keep-alive', 'Content-Type': 'application/json', 'Content-Length': '108'} 
 body=b'{"title": "QAX: Apis con Robot Framework", "body": "Automatizando como un Ninja For Testing", "userId": 420}' 
 </msg>
<msg time="2025-09-30T18:23:40.568477" level="INFO">POST Response : url=https://jsonplaceholder.typicode.com/posts 
 status=201, reason=Created 
 headers={'Date': 'Wed, 01 Oct 2025 00:23:40 GMT', 'Content-Type': 'application/json; charset=utf-8', 'Content-Length': '129', 'Connection': 'keep-alive', 'access-control-allow-credentials': 'true', 'access-control-expose-headers': 'Location', 'Cache-Control': 'no-cache', 'etag': 'W/"81-HwNycn0ZzPMgRPTcFfrOv9Qv4SU"', 'expires': '-1', 'location': 'https://jsonplaceholder.typicode.com/posts/101', 'nel': '{"report_to":"heroku-nel","response_headers":["Via"],"max_age":3600,"success_fraction":0.01,"failure_fraction":0.1}', 'pragma': 'no-cache', 'report-to': '{"group":"heroku-nel","endpoints":[{"url":"https://nel.heroku.com/reports?s=MBt6xKDFVJ9A1WhS0mF6W3ZfhAHFK8DpUeYgOTW%2FXSA%3D\\u0026sid=e11707d5-02a7-43ef-b45e-2cf4d2036f7d\\u0026ts=1759278220"}],"max_age":3600}', 'reporting-endpoints': 'heroku-nel="https://nel.heroku.com/reports?s=MBt6xKDFVJ9A1WhS0mF6W3ZfhAHFK8DpUeYgOTW%2FXSA%3D&amp;sid=e11707d5-02a7-43ef-b45e-2cf4d2036f7d&amp;ts=1759278220"', 'Server': 'cloudflare', 'vary': 'Origin, X-HTTP-Method-Override, Accept-Encoding', 'via': '2.0 heroku-router', 'x-content-type-options': 'nosniff', 'x-powered-by': 'Express', 'x-ratelimit-limit': '1000', 'x-ratelimit-remaining': '999', 'x-ratelimit-reset': '1759278280', 'cf-cache-status': 'DYNAMIC', 'CF-RAY': '9877d00dba99f056-DFW', 'alt-svc': 'h3=":443"; ma=86400'} 
 body={
  "title": "QAX: Apis con Robot Framework",
  "body": "Automatizando como un Ninja For Testing",
  "userId": 420,
  "id": 101
} 
 </msg>
<msg time="2025-09-30T18:23:40.568903" level="INFO">${response} = &lt;Response [201]&gt;</msg>
<var>${response}</var>
<arg>url=${ENDPOINT_POST}</arg>
<arg>json=${payload}</arg>
<arg>headers=${HEADERS}</arg>
<doc>Sends a POST request.</doc>
<status status="PASS" start="2025-09-30T18:23:38.684352" elapsed="1.884667"/>
</kw>
<kw name="Set Global Variable" owner="BuiltIn">
<msg time="2025-09-30T18:23:40.570360" level="INFO">${response} = &lt;Response [201]&gt;</msg>
<arg>${response}</arg>
<doc>Makes a variable available globally in all tests and suites.</doc>
<status status="PASS" start="2025-09-30T18:23:40.569616" elapsed="0.000917"/>
</kw>
<kw name="Set Global Variable" owner="BuiltIn">
<msg time="2025-09-30T18:23:40.571740" level="INFO">${payload} = {'title': 'QAX: Apis con Robot Framework', 'body': 'Automatizando como un Ninja For Testing', 'userId': 420}</msg>
<arg>${payload}</arg>
<doc>Makes a variable available globally in all tests and suites.</doc>
<status status="PASS" start="2025-09-30T18:23:40.570984" elapsed="0.000955"/>
</kw>
<doc>El usuario crea un nuevo post en el endpoint /posts utilizando
el método POST y un cuerpo JSON por defecto.</doc>
<status status="PASS" start="2025-09-30T18:23:38.674546" elapsed="1.897672"/>
</kw>
<kw name="Then El código de respuesta debe ser 201" owner="doPost">
<kw name="Status Should Be" owner="RequestsLibrary">
<arg>201</arg>
<arg>${response}</arg>
<doc>Fails if response status code is different than the expected.</doc>
<status status="PASS" start="2025-09-30T18:23:40.574280" elapsed="0.000959"/>
</kw>
<doc>Valida el estado de la respuesta</doc>
<status status="PASS" start="2025-09-30T18:23:40.573277" elapsed="0.002292"/>
</kw>
<kw name="And La respuesta debe contener un campo &quot;id&quot;" owner="doPost">
<kw name="Dictionary Should Contain Key" owner="Collections">
<arg>${response.json()}</arg>
<arg>id</arg>
<doc>Fails if ``key`` is not found from ``dictionary``.</doc>
<status status="PASS" start="2025-09-30T18:23:40.577256" elapsed="0.001228"/>
</kw>
<doc>Valida que la respuesta contenga la llave id</doc>
<status status="PASS" start="2025-09-30T18:23:40.576476" elapsed="0.002155"/>
</kw>
<kw name="And Los campos &quot;title&quot;, &quot;body&quot; y &quot;userId&quot; deben coincidir con lo enviado" owner="doPost">
<kw name="Should Be Equal" owner="BuiltIn">
<arg>${response.json()}[title]</arg>
<arg>${payload}[title]</arg>
<doc>Fails if the given objects are unequal.</doc>
<status status="PASS" start="2025-09-30T18:23:40.579815" elapsed="0.002139"/>
</kw>
<kw name="Should Be Equal" owner="BuiltIn">
<arg>${response.json()}[body]</arg>
<arg>${payload}[body]</arg>
<doc>Fails if the given objects are unequal.</doc>
<status status="PASS" start="2025-09-30T18:23:40.582366" elapsed="0.001350"/>
</kw>
<kw name="Should Be Equal As Integers" owner="BuiltIn">
<arg>${response.json()}[userId]</arg>
<arg>${payload}[userId]</arg>
<doc>Fails if objects are unequal after converting them to integers.</doc>
<status status="PASS" start="2025-09-30T18:23:40.583999" elapsed="0.001416"/>
</kw>
<doc>Valida que los valores del response corresponde el payload incial</doc>
<status status="PASS" start="2025-09-30T18:23:40.579129" elapsed="0.006460"/>
</kw>
<doc>Este caso de prueba verifica que, al crear un nuevo post,
se recibe una respuesta con código 201, que contiene un campo "id" generado
y que los campos "title", "body" y "userId" coinciden con la información enviada.</doc>
<status status="PASS" start="2025-09-30T18:23:38.668907" elapsed="1.917207"/>
</test>
<doc>Pruebas para el endpoint /posts de la API JSONPlaceholder</doc>
<status status="PASS" start="2025-09-30T18:23:37.011918" elapsed="3.576110"/>
</suite>
<status status="PASS" start="2025-09-30T18:23:36.811868" elapsed="3.779522"/>
</suite>
<statistics>
<total>
<stat pass="1" fail="0" skip="0">All Tests</stat>
</total>
<tag>
</tag>
<suite>
<stat name="Tests" id="s1" pass="1" fail="0" skip="0">Tests</stat>
<stat name="Test Post Api" id="s1-s1" pass="1" fail="0" skip="0">Tests.Test Post Api</stat>
</suite>
</statistics>
<errors>
</errors>
</robot>
