<?xml version="1.0" encoding="UTF-8"?>
<robot generator="Robot 7.3.2 (Python 3.13.6 on win32)" generated="2025-09-23T12:10:39.211658" rpa="false" schemaversion="5">
<suite id="s1" name="TestAutomation" source="C:\Users\admin\Documents\Codigo_Python\Sesion_1_Python\Mission1\TestAutomation.robot">
<test id="s1-t1" name="TC001-Consultar lista de razas de perros exitosamente" line="9">
<kw name="GET" owner="RequestsLibrary">
<msg time="2025-09-23T12:10:41.955469" level="INFO">GET Request : url=https://dogapi.dog/api/v2/breeds 
 path_url=/api/v2/breeds 
 headers={'User-Agent': 'python-requests/2.32.4', 'Accept-Encoding': 'gzip, deflate', 'Accept': '*/*', 'Connection': 'keep-alive'} 
 body=None 
 </msg>
<msg time="2025-09-23T12:10:41.955726" level="INFO">GET Response : url=https://dogapi.dog/api/v2/breeds 
 status=200, reason=OK 
 headers={'Cache-Control': 'max-age=0, private, must-revalidate', 'Content-Type': 'application/vnd.api+json; charset=utf-8', 'Etag': 'W/"89cf8ea839da513fb87de5c30d99d688"', 'Referrer-Policy': 'strict-origin-when-cross-origin', 'Vary': 'Accept, Origin', 'X-Content-Type-Options': 'nosniff', 'X-Download-Options': 'noopen', 'X-Frame-Options': 'SAMEORIGIN', 'X-Permitted-Cross-Domain-Policies': 'none', 'X-Request-Id': '63dc6a2b-fa99-4826-bc33-da9cd0711258', 'X-Runtime': '0.019546', 'X-Xss-Protection': '0', 'Date': 'Tue, 23 Sep 2025 18:10:40 GMT', 'Transfer-Encoding': 'chunked'} 
 body={"data":[{"id":"036feed0-da8a-42c9-ab9a-57449b530b13","type":"breed","attributes":{"name":"Affenpinscher","description":"The Affenpinscher is a small and playful breed of dog that was originally bred in Germany for hunting small game. They are intelligent, energetic, and affectionate, and make excellent companion dogs.","life":{"max":16,"min":14},"male_weight":{"max":5,"min":3},"female_weight":{"max":5,"min":3},"hypoallergenic":true},"relationships":{"group":{"data":{"id":"f56dc4b1-ba1a-4454-8ce2-bd5d41404a0c","type":"group"}}}},{"id":"dd9362cc-52e0-462d-b856-fccdcf24b140","type":"breed","attributes":{"name":"Afghan Hound","description":"The Afghan Hound is a large and elegant breed of dog that was originally bred in Afghanistan for hunting small game. They are intelligent, independent, and athletic, and make excellent companion dogs.","life":{"max":14,"min":12},"male_weight":{"max":27,"min":23},"female_weight":{"max":25,"min":20},"hypoallergenic":false},"relationships":{"group":{"data":{"id":"be0147df-7755-4228-b132-2518c0c6d10d","type":"group"}}}},{"id":"1460844f-841c-4de8-b788-271aa4d63224","type":"breed","attributes":{"name":"Airedale Terrier","description":"The Airedale Terrier is a large and powerful breed of dog that was originally bred in England for hunting small game. They are intelligent, energetic, and determined, and make excellent hunting dogs.","life":{"max":14,"min":12},"male_weight":{"max":23,"min":20},"female_weight":{"max":20,"min":18},"hypoallergenic":false},"relationships":{"group":{"data":{"id":"1bbf373b-1937-4e73-9863-45385daa4979","type":"group"}}}},{"id":"e7e99424-d514-4b56-9f0c-05736f6dd22d","type":"breed","attributes":{"name":"Akita","description":"The Akita is a large, muscular dog breed that originated in Japan. They are known for their loyalty and courage.","life":{"max":12,"min":10},"male_weight":{"max":60,"min":35},"female_weight":{"max":50,"min":35},"hypoallergenic":false},"relationships":{"group":{"data":{"id":"56081cf0-fdf2-4114-9bf7-23a3f5b6af91","type":"group"}}}},{"id":"667c7359-a739-4f2b-abb4-98867671e375","type":"breed","attributes":{"name":"Alaskan Klee Kai","description":"The Alaskan Klee Kai is a small to medium-sized breed of dog that was developed in Alaska in the 1970s. It is an active and intelligent breed that is loyal and friendly. The Alaskan Klee Kai stands between 13-17 inches at the shoulder and has a double-coat that can come in various colors and patterns.","life":{"max":15,"min":12},"male_weight":{"max":7,"min":6},"female_weight":{"max":7,"min":6},"hypoallergenic":false},"relationships":{"group":{"data":{"id":"8000793f-a1ae-4ec4-8d55-ef83f1f644e5","type":"group"}}}},{"id":"5328d59b-b4e4-48e9-98ec-0545c66c4385","type":"breed","attributes":{"name":"Alaskan Malamute","description":"The Alaskan Malamute is a large and powerful sled dog from Alaska. They are strong and hardworking, yet friendly and loyal. Alaskan Malamutes have a thick, double coat that can be any color. They are active and require plenty of exercise and mental stimulation to stay healthy and happy.","life":{"max":15,"min":12},"male_weight":{"max":39,"min":34},"female_weight":{"max":34,"min":25},"hypoallergenic":false},"relationships":{"group":{"data":{"id":"56081cf0-fdf2-4114-9bf7-23a3f5b6af91","type":"group"}}}},{"id":"f72528b5-a5d7-4a17-b709-aba2db722307","type":"breed","attributes":{"name":"American Bulldog","description":"The American Bulldog is a large and powerful breed of dog that was originally bred in the United States for working on farms. They are intelligent, loyal, and protective, and make excellent guard dogs.","life":{"max":14,"min":12},"male_weight":{"max":50,"min":25},"female_weight":{"max":45,"min":25},"hypoallergenic":false},"relationships":{"group":{"data":{"id":"8000793f-a1ae-4ec4-8d55-ef83f1f644e5","type":"group"}}}},{"id":"4524645f-dda7-4031-9272-dee29f5f91ea","type":"breed","attributes":{"name":"American English Coonhound","description":"The American English Coonhound is a large and athletic breed of dog that was originally bred in the United States for hunting raccoons. They are intelligent, energetic, and determined, and make excellent hunting dogs.","life":{"max":14,"min":12},"male_weight":{"max":30,"min":20},"female_weight":{"max":30,"min":20},"hypoallergenic":false},"relationships":{"group":{"data":{"id":"be0147df-7755-4228-b132-2518c0c6d10d","type":"group"}}}},{"id":"e1c0664d-aa61-4c85-970d-6c86ba197bee","type":"breed","attributes":{"name":"American Eskimo Dog","description":"The American Eskimo Dog is a small to medium-sized breed with a thick, fluffy coat that comes in white, cream, or biscuit colors. It is known for its intelligence and its ability to learn a wide variety of tricks.","life":{"max":15,"min":12},"male_weight":{"max":20,"min":9},"female_weight":{"max":20,"min":9},"hypoallergenic":false},"relationships":{"group":{"data":{"id":"7f6ea988-366a-4e20-b4ba-4d04274fea61","type":"group"}}}},{"id":"8355b9c9-3724-477d-858a-c1c1c0f1743f","type":"breed","attributes":{"name":"American Foxhound","description":"The American Foxhound is a large and athletic breed of dog that was originally bred in the United States for hunting foxes. They are intelligent, energetic, and determined, and make excellent hunting dogs.","life":{"max":15,"min":12},"male_weight":{"max":34,"min":20},"female_weight":{"max":34,"min":20},"hypoallergenic":false},"relationships":{"group":{"data":{"id":"be0147df-7755-4228-b132-2518c0c6d10d","type":"group"}}}}],"meta":{"pagination":{"current":1,"next":2,"last":29,"records":283}},"links":{"self":"https://dogapi.dog/api/v2/breeds","current":"https://dogapi.dog/api/v2/breeds?page[number]=1","next":"https://dogapi.dog/api/v2/breeds?page[number]=2","last":"https://dogapi.dog/api/v2/breeds?page[number]=29"}} 
 </msg>
<msg time="2025-09-23T12:10:41.956181" level="INFO">${response} = &lt;Response [200]&gt;</msg>
<var>${response}</var>
<arg>${BASE_URL}/api/v2/breeds</arg>
<arg>expected_status=200</arg>
<doc>Sends a GET request.</doc>
<status status="PASS" start="2025-09-23T12:10:41.126638" elapsed="0.829637"/>
</kw>
<kw name="Set Variable" owner="BuiltIn">
<msg time="2025-09-23T12:10:41.959373" level="INFO">${breeds} = {'data': [{'id': '036feed0-da8a-42c9-ab9a-57449b530b13', 'type': 'breed', 'attributes': {'name': 'Affenpinscher', 'description': 'The Affenpinscher is a small and playful breed of dog that was origina...</msg>
<var>${breeds}</var>
<arg>${response.json()}</arg>
<doc>Returns the given values which can then be assigned to a variables.</doc>
<status status="PASS" start="2025-09-23T12:10:41.956989" elapsed="0.002465"/>
</kw>
<kw name="Dictionary Should Contain Key" owner="Collections">
<msg time="2025-09-23T12:10:41.961457" level="FAIL">Resolving variable '${breeds[0]}' failed: KeyError: 0</msg>
<arg>${breeds[0]}</arg>
<arg>type</arg>
<doc>Fails if ``key`` is not found from ``dictionary``.</doc>
<status status="FAIL" start="2025-09-23T12:10:41.959944" elapsed="0.001845">Resolving variable '${breeds[0]}' failed: KeyError: 0</status>
</kw>
<kw name="Dictionary Should Contain Key" owner="Collections">
<arg>${breeds[0]}</arg>
<arg>attributes.name</arg>
<doc>Fails if ``key`` is not found from ``dictionary``.</doc>
<status status="NOT RUN" start="2025-09-23T12:10:41.962294" elapsed="0.000052"/>
</kw>
<kw name="Dictionary Should Contain Key" owner="Collections">
<arg>${breeds[0]}</arg>
<arg>attributes.description</arg>
<doc>Fails if ``key`` is not found from ``dictionary``.</doc>
<status status="NOT RUN" start="2025-09-23T12:10:41.962716" elapsed="0.000047"/>
</kw>
<kw name="Dictionary Should Contain Key" owner="Collections">
<arg>${breeds[0]}</arg>
<arg>attributes.hypoallergenic</arg>
<doc>Fails if ``key`` is not found from ``dictionary``.</doc>
<status status="NOT RUN" start="2025-09-23T12:10:41.963181" elapsed="0.000048"/>
</kw>
<kw name="Dictionary Should Contain Key" owner="Collections">
<arg>${breeds[0]}</arg>
<arg>attributes.life</arg>
<doc>Fails if ``key`` is not found from ``dictionary``.</doc>
<status status="NOT RUN" start="2025-09-23T12:10:41.963550" elapsed="0.000041"/>
</kw>
<kw name="Dictionary Should Contain Key" owner="Collections">
<arg>${breeds[0]}</arg>
<arg>attributes.male_weight.max</arg>
<doc>Fails if ``key`` is not found from ``dictionary``.</doc>
<status status="NOT RUN" start="2025-09-23T12:10:41.963986" elapsed="0.000043"/>
</kw>
<kw name="Dictionary Should Contain Key" owner="Collections">
<arg>${breeds[0]}</arg>
<arg>attributes.male_weight.min</arg>
<doc>Fails if ``key`` is not found from ``dictionary``.</doc>
<status status="NOT RUN" start="2025-09-23T12:10:41.964419" elapsed="0.000041"/>
</kw>
<kw name="Dictionary Should Contain Key" owner="Collections">
<arg>${breeds[0]}</arg>
<arg>attributes.female_weight.max</arg>
<doc>Fails if ``key`` is not found from ``dictionary``.</doc>
<status status="NOT RUN" start="2025-09-23T12:10:41.965107" elapsed="0.000051"/>
</kw>
<kw name="Dictionary Should Contain Key" owner="Collections">
<arg>${breeds[0]}</arg>
<arg>attributes.female_weight.min</arg>
<doc>Fails if ``key`` is not found from ``dictionary``.</doc>
<status status="NOT RUN" start="2025-09-23T12:10:41.965478" elapsed="0.000046"/>
</kw>
<kw name="Dictionary Should Contain Key" owner="Collections">
<arg>${breeds[0]}</arg>
<arg>relationships.group.data.type</arg>
<doc>Fails if ``key`` is not found from ``dictionary``.</doc>
<status status="NOT RUN" start="2025-09-23T12:10:41.965881" elapsed="0.000045"/>
</kw>
<doc>Verifica que un GET a api/v2/breeds devuelva la lista de razas de perros no vacia con campos esperados</doc>
<status status="FAIL" start="2025-09-23T12:10:41.121732" elapsed="0.844653">Resolving variable '${breeds[0]}' failed: KeyError: 0</status>
</test>
<test id="s1-t2" name="TC002-Consultar una raza de perro existente" line="27">
<kw name="GET" owner="RequestsLibrary">
<msg time="2025-09-23T12:10:42.610258" level="INFO">GET Request : url=https://dogapi.dog/api/v2/breeds/036feed0-da8a-42c9-ab9a-57449b530b13 
 path_url=/api/v2/breeds/036feed0-da8a-42c9-ab9a-57449b530b13 
 headers={'User-Agent': 'python-requests/2.32.4', 'Accept-Encoding': 'gzip, deflate', 'Accept': '*/*', 'Connection': 'keep-alive'} 
 body=None 
 </msg>
<msg time="2025-09-23T12:10:42.610595" level="INFO">GET Response : url=https://dogapi.dog/api/v2/breeds/036feed0-da8a-42c9-ab9a-57449b530b13 
 status=200, reason=OK 
 headers={'Cache-Control': 'max-age=0, private, must-revalidate', 'Content-Type': 'application/vnd.api+json; charset=utf-8', 'Etag': 'W/"90db1fd758ac915acaa41030ac398720"', 'Referrer-Policy': 'strict-origin-when-cross-origin', 'Vary': 'Accept, Origin', 'X-Content-Type-Options': 'nosniff', 'X-Download-Options': 'noopen', 'X-Frame-Options': 'SAMEORIGIN', 'X-Permitted-Cross-Domain-Policies': 'none', 'X-Request-Id': '9714dc11-498c-4112-9ef2-daa60d277e60', 'X-Runtime': '0.013804', 'X-Xss-Protection': '0', 'Date': 'Tue, 23 Sep 2025 18:10:41 GMT', 'Transfer-Encoding': 'chunked'} 
 body={"data":{"id":"036feed0-da8a-42c9-ab9a-57449b530b13","type":"breed","attributes":{"name":"Affenpinscher","description":"The Affenpinscher is a small and playful breed of dog that was originally bred in Germany for hunting small game. They are intelligent, energetic, and affectionate, and make excellent companion dogs.","life":{"max":16,"min":14},"male_weight":{"max":5,"min":3},"female_weight":{"max":5,"min":3},"hypoallergenic":true},"relationships":{"group":{"data":{"id":"f56dc4b1-ba1a-4454-8ce2-bd5d41404a0c","type":"group"}}}},"links":{"self":"https://dogapi.dog/api/v2/breeds/036feed0-da8a-42c9-ab9a-57449b530b13"}} 
 </msg>
<msg time="2025-09-23T12:10:42.610963" level="INFO">${response} = &lt;Response [200]&gt;</msg>
<var>${response}</var>
<arg>${BASE_URL}/api/v2/breeds/036feed0-da8a-42c9-ab9a-57449b530b13</arg>
<arg>expected_status=200</arg>
<doc>Sends a GET request.</doc>
<status status="PASS" start="2025-09-23T12:10:41.970215" elapsed="0.640815"/>
</kw>
<kw name="Set Variable" owner="BuiltIn">
<msg time="2025-09-23T12:10:42.612688" level="INFO">${breeds} = {'data': {'id': '036feed0-da8a-42c9-ab9a-57449b530b13', 'type': 'breed', 'attributes': {'name': 'Affenpinscher', 'description': 'The Affenpinscher is a small and playful breed of dog that was original...</msg>
<var>${breeds}</var>
<arg>${response.json()}</arg>
<doc>Returns the given values which can then be assigned to a variables.</doc>
<status status="PASS" start="2025-09-23T12:10:42.611548" elapsed="0.001208"/>
</kw>
<kw name="***Should Be Equal As Strings">
<msg time="2025-09-23T12:10:42.615311" level="FAIL">No keyword with name '***Should Be Equal As Strings' found. Did you mean:
    BuiltIn.Should Be Equal As Strings
    BuiltIn.Should Not Be Equal As Strings</msg>
<arg>036feed0-da8a-42c9-ab9a-57449b530b13</arg>
<arg>${response.json()}[id]</arg>
<status status="FAIL" start="2025-09-23T12:10:42.615203" elapsed="0.000200">No keyword with name '***Should Be Equal As Strings' found. Did you mean:
    BuiltIn.Should Be Equal As Strings
    BuiltIn.Should Not Be Equal As Strings</status>
</kw>
<kw name="***Dictionary Should Contain Key">
<arg>${breeds[0]}</arg>
<arg>Id</arg>
<status status="NOT RUN" start="2025-09-23T12:10:42.615948" elapsed="0.000041"/>
</kw>
<kw name="Dictionary Should Contain Key" owner="Collections">
<arg>${breeds[0]}</arg>
<arg>type</arg>
<doc>Fails if ``key`` is not found from ``dictionary``.</doc>
<status status="NOT RUN" start="2025-09-23T12:10:42.616383" elapsed="0.000042"/>
</kw>
<kw name="Dictionary Should Contain Key" owner="Collections">
<arg>${breeds[0]}</arg>
<arg>attributes.name</arg>
<doc>Fails if ``key`` is not found from ``dictionary``.</doc>
<status status="NOT RUN" start="2025-09-23T12:10:42.616818" elapsed="0.000041"/>
</kw>
<kw name="Dictionary Should Contain Key" owner="Collections">
<arg>${breeds[0]}</arg>
<arg>attributes.description</arg>
<doc>Fails if ``key`` is not found from ``dictionary``.</doc>
<status status="NOT RUN" start="2025-09-23T12:10:42.617244" elapsed="0.000041"/>
</kw>
<kw name="Dictionary Should Contain Key" owner="Collections">
<arg>${breeds[0]}</arg>
<arg>attributes.hypoallergenic</arg>
<doc>Fails if ``key`` is not found from ``dictionary``.</doc>
<status status="NOT RUN" start="2025-09-23T12:10:42.617667" elapsed="0.000049"/>
</kw>
<kw name="Dictionary Should Contain Key" owner="Collections">
<arg>${breeds[0]}</arg>
<arg>attributes.life</arg>
<doc>Fails if ``key`` is not found from ``dictionary``.</doc>
<status status="NOT RUN" start="2025-09-23T12:10:42.618099" elapsed="0.000041"/>
</kw>
<kw name="Dictionary Should Contain Key" owner="Collections">
<arg>${breeds[0]}</arg>
<arg>attributes.male_weight.max</arg>
<doc>Fails if ``key`` is not found from ``dictionary``.</doc>
<status status="NOT RUN" start="2025-09-23T12:10:42.618883" elapsed="0.000041"/>
</kw>
<kw name="Dictionary Should Contain Key" owner="Collections">
<arg>${breeds[0]}</arg>
<arg>attributes.male_weight.min</arg>
<doc>Fails if ``key`` is not found from ``dictionary``.</doc>
<status status="NOT RUN" start="2025-09-23T12:10:42.619311" elapsed="0.000239"/>
</kw>
<kw name="Dictionary Should Contain Key" owner="Collections">
<arg>${breeds[0]}</arg>
<arg>attributes.female_weight.max</arg>
<doc>Fails if ``key`` is not found from ``dictionary``.</doc>
<status status="NOT RUN" start="2025-09-23T12:10:42.619950" elapsed="0.000046"/>
</kw>
<kw name="Dictionary Should Contain Key" owner="Collections">
<arg>${breeds[0]}</arg>
<arg>attributes.female_weight.min</arg>
<doc>Fails if ``key`` is not found from ``dictionary``.</doc>
<status status="NOT RUN" start="2025-09-23T12:10:42.620408" elapsed="0.000045"/>
</kw>
<kw name="Dictionary Should Contain Key" owner="Collections">
<arg>${breeds[0]}</arg>
<arg>relationships.group.data.type</arg>
<doc>Fails if ``key`` is not found from ``dictionary``.</doc>
<status status="NOT RUN" start="2025-09-23T12:10:42.620864" elapsed="0.000045"/>
</kw>
<for flavor="IN">
<iter>
<kw name="Log Many" owner="BuiltIn">
<arg>${key}</arg>
<arg>${value}</arg>
<doc>Logs the given messages as separate entries using the INFO level.</doc>
<status status="NOT RUN" start="2025-09-23T12:10:42.621656" elapsed="0.000044"/>
</kw>
<var name="${key}"/>
<var name="${value}"/>
<status status="NOT RUN" start="2025-09-23T12:10:42.621482" elapsed="0.000300"/>
</iter>
<var>${key}</var>
<var>${value}</var>
<value>&amp;{my_dict}</value>
<status status="NOT RUN" start="2025-09-23T12:10:42.621266" elapsed="0.000596"/>
</for>
<doc>Verifica que un GET a api/v2/breeds/{id} devuelva la raza de perro indicada con campos esperados</doc>
<status status="FAIL" start="2025-09-23T12:10:41.968306" elapsed="0.654105">No keyword with name '***Should Be Equal As Strings' found. Did you mean:
    BuiltIn.Should Be Equal As Strings
    BuiltIn.Should Not Be Equal As Strings</status>
</test>
<test id="s1-t3" name="TC003-Consultar una raza de perro inexistente" line="49">
<kw name="GET" owner="RequestsLibrary">
<msg time="2025-09-23T12:10:43.259583" level="INFO">GET Request : url=https://dogapi.dog/api/v2/breeds/036feed0-da8a-42c9-ab9a-57449b530b13000 
 path_url=/api/v2/breeds/036feed0-da8a-42c9-ab9a-57449b530b13000 
 headers={'User-Agent': 'python-requests/2.32.4', 'Accept-Encoding': 'gzip, deflate', 'Accept': '*/*', 'Connection': 'keep-alive'} 
 body=None 
 </msg>
<msg time="2025-09-23T12:10:43.259809" level="INFO">GET Response : url=https://dogapi.dog/api/v2/breeds/036feed0-da8a-42c9-ab9a-57449b530b13000 
 status=404, reason=Not Found 
 headers={'Cache-Control': 'no-cache', 'Content-Type': 'text/html', 'Referrer-Policy': 'strict-origin-when-cross-origin', 'Vary': 'Origin', 'X-Content-Type-Options': 'nosniff', 'X-Download-Options': 'noopen', 'X-Frame-Options': 'SAMEORIGIN', 'X-Permitted-Cross-Domain-Policies': 'none', 'X-Request-Id': '455d04c2-3c25-48ab-96d0-27482b6ffbf2', 'X-Runtime': '0.012566', 'X-Xss-Protection': '0', 'Date': 'Tue, 23 Sep 2025 18:10:41 GMT', 'Transfer-Encoding': 'chunked'} 
 body=None 
 </msg>
<msg time="2025-09-23T12:10:43.260175" level="INFO">${response} = &lt;Response [404]&gt;</msg>
<var>${response}</var>
<arg>${BASE_URL}/api/v2/breeds/036feed0-da8a-42c9-ab9a-57449b530b13000</arg>
<arg>expected_status=404</arg>
<doc>Sends a GET request.</doc>
<status status="PASS" start="2025-09-23T12:10:42.625623" elapsed="0.634656"/>
</kw>
<kw name="Set Variable" owner="BuiltIn">
<msg time="2025-09-23T12:10:43.263617" level="FAIL">Resolving variable '${response.json()}' failed: JSONDecodeError: Expecting value: line 1 column 1 (char 0)</msg>
<var>${breeds}</var>
<arg>${response.json()}</arg>
<doc>Returns the given values which can then be assigned to a variables.</doc>
<status status="FAIL" start="2025-09-23T12:10:43.261127" elapsed="0.002627">Resolving variable '${response.json()}' failed: JSONDecodeError: Expecting value: line 1 column 1 (char 0)</status>
</kw>
<kw name="***Dictionary Should Contain Key">
<arg>${breeds[0]}</arg>
<arg>Id</arg>
<status status="NOT RUN" start="2025-09-23T12:10:43.264294" elapsed="0.000057"/>
</kw>
<kw name="Dictionary Should Contain Key" owner="Collections">
<arg>${breeds[0]}</arg>
<arg>type</arg>
<doc>Fails if ``key`` is not found from ``dictionary``.</doc>
<status status="NOT RUN" start="2025-09-23T12:10:43.264858" elapsed="0.000061"/>
</kw>
<kw name="***Dictionary Should Contain Key">
<arg>${breeds[0]}</arg>
<arg>attributes.name</arg>
<status status="NOT RUN" start="2025-09-23T12:10:43.265492" elapsed="0.000077"/>
</kw>
<kw name="***Dictionary Should Contain Key">
<arg>${breeds[0]}</arg>
<arg>attributes.description</arg>
<status status="NOT RUN" start="2025-09-23T12:10:43.266101" elapsed="0.000065"/>
</kw>
<kw name="***Dictionary Should Contain Key">
<arg>${breeds[0]}</arg>
<arg>attributes.hypoallergenic</arg>
<status status="NOT RUN" start="2025-09-23T12:10:43.266604" elapsed="0.000082"/>
</kw>
<kw name="***Dictionary Should Contain Key">
<arg>${breeds[0]}</arg>
<arg>attributes.life</arg>
<status status="NOT RUN" start="2025-09-23T12:10:43.267300" elapsed="0.000080"/>
</kw>
<kw name="***Dictionary Should Contain Key">
<arg>${breeds[0]}</arg>
<arg>attributes.male_weight.max</arg>
<status status="NOT RUN" start="2025-09-23T12:10:43.267965" elapsed="0.000084"/>
</kw>
<kw name="***Dictionary Should Contain Key">
<arg>${breeds[0]}</arg>
<arg>attributes.male_weight.min</arg>
<status status="NOT RUN" start="2025-09-23T12:10:43.268872" elapsed="0.000056"/>
</kw>
<kw name="***Dictionary Should Contain Key">
<arg>${breeds[0]}</arg>
<arg>attributes.female_weight.max</arg>
<status status="NOT RUN" start="2025-09-23T12:10:43.269304" elapsed="0.000050"/>
</kw>
<kw name="***Dictionary Should Contain Key">
<arg>${breeds[0]}</arg>
<arg>attributes.female_weight.min</arg>
<status status="NOT RUN" start="2025-09-23T12:10:43.269722" elapsed="0.000036"/>
</kw>
<kw name="***Dictionary Should Contain Key">
<arg>${breeds[0]}</arg>
<arg>relationships.group.data.type</arg>
<status status="NOT RUN" start="2025-09-23T12:10:43.270052" elapsed="0.000035"/>
</kw>
<doc>Verifica que un GET a api/v2/breeds/{Id} devuelva mensaje de error 404 Not Found cuando el Id no existe</doc>
<status status="FAIL" start="2025-09-23T12:10:42.623695" elapsed="0.646769">Resolving variable '${response.json()}' failed: JSONDecodeError: Expecting value: line 1 column 1 (char 0)</status>
</test>
<status status="FAIL" start="2025-09-23T12:10:39.221233" elapsed="4.050852"/>
</suite>
<statistics>
<total>
<stat pass="0" fail="3" skip="0">All Tests</stat>
</total>
<tag>
</tag>
<suite>
<stat name="TestAutomation" id="s1" pass="0" fail="3" skip="0">TestAutomation</stat>
</suite>
</statistics>
<errors>
</errors>
</robot>
